<?xml version="1.0" encoding="UTF-8"?>
<!-- Generated by org.testng.reporters.JUnitXMLReporter -->
<testsuite hostname="DESKTOP-H5ORKGB" name="Default test" tests="5" failures="0" timestamp="16 May 2020 21:40:24 GMT" time="63.479" errors="0">
  <testcase name="validaBusca" time="0.968" classname="suitetest.SearchSuiteTest"/>
  <testcase name="validaBuscaComCampoVazio" time="0.842" classname="suitetest.SearchSuiteTest"/>
  <testcase name="validaBuscaComEnter" time="0.796" classname="suitetest.SearchSuiteTest"/>
  <testcase name="validaBuscaComPalavraSemResult" time="1.094" classname="suitetest.SearchSuiteTest"/>
  <testcase name="validaResultadosDaBusca" time="2.679" classname="suitetest.SearchSuiteTest"/>
</testsuite> <!-- Default test -->
