<?xml version="1.0" encoding="UTF-8"?>
<testsuite xmlns:xsi="http://www.w3.org/2001/XMLSchema-instance" xsi:noNamespaceSchemaLocation="https://maven.apache.org/surefire/maven-surefire-plugin/xsd/surefire-test-report-3.0.xsd" version="3.0" name="TestSuite" time="233.576" tests="12" errors="0" skipped="0" failures="2">
  <properties>
[...]
</properties>
  <testcase name="validaBusca" classname="suitetest.SearchSuiteTest" time="1.96"/>
  <testcase name="validaBuscaComCampoVazio" classname="suitetest.SearchSuiteTest" time="3.779"/>
  <testcase name="validaBuscaComEnter" classname="suitetest.SearchSuiteTest" time="1.925"/>
  <testcase name="validaBuscaComPalavraSemResult" classname="suitetest.SearchSuiteTest" time="2.01"/>
  <testcase name="validaResultadosDaBusca" classname="suitetest.SearchSuiteTest" time="8.761">
    <failure message="expected [false] but found [true]" type="java.lang.AssertionError"><![CDATA[java.lang.AssertionError: expected [false] but found [true]
	at suitetest.SearchSuiteTest.validaResultadosDaBusca(SearchSuiteTest.java:214)
]]></failure>
    <system-err><![CDATA[Starting ChromeDriver 81.0.4044.69 (6813546031a4bc83f717a2ef7cd4ac6ec1199132-refs/branch-heads/4044@{#776}) on port 5472
Only local connections are allowed.
Please protect ports used by ChromeDriver and related test frameworks to prevent access by malicious code.
mai 17, 2020 5:32:50 PM org.openqa.selenium.remote.ProtocolHandshake createSession
INFO: Detected dialect: W3C
[1589747571.401][SEVERE]: Timed out receiving message from renderer: 0.100
[1589747571.502][SEVERE]: Timed out receiving message from renderer: 0.100
[1589747571.603][SEVERE]: Timed out receiving message from renderer: 0.100
[1589747571.705][SEVERE]: Timed out receiving message from renderer: 0.100
[1589747571.806][SEVERE]: Timed out receiving message from renderer: 0.100
[1589747571.907][SEVERE]: Timed out receiving message from renderer: 0.100
[1589747572.009][SEVERE]: Timed out receiving message from renderer: 0.100
[1589747572.110][SEVERE]: Timed out receiving message from renderer: 0.100
[1589747572.211][SEVERE]: Timed out receiving message from renderer: 0.100
[1589747572.313][SEVERE]: Timed out receiving message from renderer: 0.100
[1589747572.417][SEVERE]: Timed out receiving message from renderer: 0.100
[1589747572.518][SEVERE]: Timed out receiving message from renderer: 0.100
[1589747572.620][SEVERE]: Timed out receiving message from renderer: 0.100
[1589747572.722][SEVERE]: Timed out receiving message from renderer: 0.100
[1589747572.824][SEVERE]: Timed out receiving message from renderer: 0.100
[1589747572.942][SEVERE]: Timed out receiving message from renderer: 0.100
[1589747573.044][SEVERE]: Timed out receiving message from renderer: 0.100
[1589747573.145][SEVERE]: Timed out receiving message from renderer: 0.100
[1589747573.246][SEVERE]: Timed out receiving message from renderer: 0.100
[1589747573.347][SEVERE]: Timed out receiving message from renderer: 0.100
[1589747573.448][SEVERE]: Timed out receiving message from renderer: 0.100
[1589747573.550][SEVERE]: Timed out receiving message from renderer: 0.100
[1589747573.665][SEVERE]: Timed out receiving message from renderer: 0.100
[1589747573.776][SEVERE]: Timed out receiving message from renderer: 0.100
[1589747573.877][SEVERE]: Timed out receiving message from renderer: 0.100
[1589747573.981][SEVERE]: Timed out receiving message from renderer: 0.100
[1589747574.083][SEVERE]: Timed out receiving message from renderer: 0.100
[1589747574.184][SEVERE]: Timed out receiving message from renderer: 0.100
[1589747574.285][SEVERE]: Timed out receiving message from renderer: 0.100
[1589747574.387][SEVERE]: Timed out receiving message from renderer: 0.100
[1589747574.494][SEVERE]: Timed out receiving message from renderer: 0.100
[1589747574.595][SEVERE]: Timed out receiving message from renderer: 0.100
[1589747575.044][SEVERE]: Timed out receiving message from renderer: 0.100
[1589747575.147][SEVERE]: Timed out receiving message from renderer: 0.100
[1589747575.248][SEVERE]: Timed out receiving message from renderer: 0.100
[1589747575.350][SEVERE]: Timed out receiving message from renderer: 0.100
[1589747575.457][SEVERE]: Timed out receiving message from renderer: 0.100
[1589747575.600][SEVERE]: Timed out receiving message from renderer: 0.100
[1589747575.703][SEVERE]: Timed out receiving message from renderer: 0.100
[1589747575.810][SEVERE]: Timed out receiving message from renderer: 0.100
[1589747575.913][SEVERE]: Timed out receiving message from renderer: 0.100
[1589747576.022][SEVERE]: Timed out receiving message from renderer: 0.100
[1589747576.123][SEVERE]: Timed out receiving message from renderer: 0.100
[1589747576.229][SEVERE]: Timed out receiving message from renderer: 0.100
[1589747576.350][SEVERE]: Timed out receiving message from renderer: 0.100
[1589747576.451][SEVERE]: Timed out receiving message from renderer: 0.100
[1589747576.552][SEVERE]: Timed out receiving message from renderer: 0.100
[1589747576.653][SEVERE]: Timed out receiving message from renderer: 0.100
[1589747576.755][SEVERE]: Timed out receiving message from renderer: 0.100
[1589747576.856][SEVERE]: Timed out receiving message from renderer: 0.100
[1589747576.957][SEVERE]: Timed out receiving message from renderer: 0.100
[1589747577.058][SEVERE]: Timed out receiving message from renderer: 0.100
[1589747577.159][SEVERE]: Timed out receiving message from renderer: 0.100
[1589747577.260][SEVERE]: Timed out receiving message from renderer: 0.100
[1589747580.567][SEVERE]: Timed out receiving message from renderer: 0.100
[1589747580.668][SEVERE]: Timed out receiving message from renderer: 0.100
[1589747580.769][SEVERE]: Timed out receiving message from renderer: 0.100
[1589747580.870][SEVERE]: Timed out receiving message from renderer: 0.100
[1589747580.972][SEVERE]: Timed out receiving message from renderer: 0.100
[1589747581.076][SEVERE]: Timed out receiving message from renderer: 0.100
[1589747581.182][SEVERE]: Timed out receiving message from renderer: 0.100
[1589747581.283][SEVERE]: Timed out receiving message from renderer: 0.100
[1589747581.386][SEVERE]: Timed out receiving message from renderer: 0.100
[1589747581.488][SEVERE]: Timed out receiving message from renderer: 0.100
[1589747581.589][SEVERE]: Timed out receiving message from renderer: 0.100
[1589747581.690][SEVERE]: Timed out receiving message from renderer: 0.100
]]></system-err>
  </testcase>
  <testcase name="validaInclusaoEExclusaoItens" classname="suitetest.CartSuiteTest" time="15.148"/>
  <testcase name="validaInsercaoDeItem" classname="suitetest.CartSuiteTest" time="8.533"/>
  <testcase name="validaSomaQuantidadeNoCarrinho" classname="suitetest.CartSuiteTest" time="12.035"/>
  <testcase name="validaCadastro" classname="suitetest.SignIn_RegisterSuiteTest" time="13.005">
    <failure message="no such element: Unable to locate element: {&quot;method&quot;:&quot;css selector&quot;,&quot;selector&quot;:&quot;#id_gender1&quot;}&#10;  (Session info: chrome=81.0.4044.138)&#10;For documentation on this error, please visit: https://www.seleniumhq.org/exceptions/no_such_element.html&#10;Build info: version: &apos;3.141.59&apos;, revision: &apos;e82be7d358&apos;, time: &apos;2018-11-14T08:17:03&apos;&#10;System info: host: &apos;DESKTOP-H5ORKGB&apos;, ip: &apos;192.168.209.1&apos;, os.name: &apos;Windows 10&apos;, os.arch: &apos;amd64&apos;, os.version: &apos;10.0&apos;, java.version: &apos;13.0.2&apos;&#10;Driver info: org.openqa.selenium.chrome.ChromeDriver&#10;Capabilities {acceptInsecureCerts: false, browserName: chrome, browserVersion: 81.0.4044.138, chrome: {chromedriverVersion: 81.0.4044.69 (6813546031a4b..., userDataDir: C:\Users\Fabricio\AppData\L...}, goog:chromeOptions: {debuggerAddress: localhost:52579}, javascriptEnabled: true, networkConnectionEnabled: false, pageLoadStrategy: normal, platform: WINDOWS, platformName: WINDOWS, proxy: Proxy(), setWindowRect: true, strictFileInteractability: false, timeouts: {implicit: 0, pageLoad: 300000, script: 30000}, unhandledPromptBehavior: dismiss and notify, webauthn:virtualAuthenticators: true}&#10;Session ID: ad627872089a4d095cad7226ae350af4&#10;*** Element info: {Using=id, value=id_gender1}" type="org.openqa.selenium.NoSuchElementException"><![CDATA[org.openqa.selenium.NoSuchElementException: 
no such element: Unable to locate element: {"method":"css selector","selector":"#id_gender1"}
  (Session info: chrome=81.0.4044.138)
For documentation on this error, please visit: https://www.seleniumhq.org/exceptions/no_such_element.html
Build info: version: '3.141.59', revision: 'e82be7d358', time: '2018-11-14T08:17:03'
System info: host: 'DESKTOP-H5ORKGB', ip: '192.168.209.1', os.name: 'Windows 10', os.arch: 'amd64', os.version: '10.0', java.version: '13.0.2'
Driver info: org.openqa.selenium.chrome.ChromeDriver
Capabilities {acceptInsecureCerts: false, browserName: chrome, browserVersion: 81.0.4044.138, chrome: {chromedriverVersion: 81.0.4044.69 (6813546031a4b..., userDataDir: C:\Users\Fabricio\AppData\L...}, goog:chromeOptions: {debuggerAddress: localhost:52579}, javascriptEnabled: true, networkConnectionEnabled: false, pageLoadStrategy: normal, platform: WINDOWS, platformName: WINDOWS, proxy: Proxy(), setWindowRect: true, strictFileInteractability: false, timeouts: {implicit: 0, pageLoad: 300000, script: 30000}, unhandledPromptBehavior: dismiss and notify, webauthn:virtualAuthenticators: true}
Session ID: ad627872089a4d095cad7226ae350af4
*** Element info: {Using=id, value=id_gender1}
	at suitetest.SignIn_RegisterSuiteTest.validaCadastro(SignIn_RegisterSuiteTest.java:56)
]]></failure>
    <system-err><![CDATA[Starting ChromeDriver 81.0.4044.69 (6813546031a4bc83f717a2ef7cd4ac6ec1199132-refs/branch-heads/4044@{#776}) on port 8530
Only local connections are allowed.
Please protect ports used by ChromeDriver and related test frameworks to prevent access by malicious code.
mai 17, 2020 5:34:24 PM org.openqa.selenium.remote.ProtocolHandshake createSession
INFO: Detected dialect: W3C
[1589747665.553][SEVERE]: Timed out receiving message from renderer: 0.100
[1589747665.654][SEVERE]: Timed out receiving message from renderer: 0.100
[1589747665.756][SEVERE]: Timed out receiving message from renderer: 0.100
[1589747665.857][SEVERE]: Timed out receiving message from renderer: 0.100
[1589747665.963][SEVERE]: Timed out receiving message from renderer: 0.100
[1589747666.064][SEVERE]: Timed out receiving message from renderer: 0.100
[1589747666.166][SEVERE]: Timed out receiving message from renderer: 0.100
[1589747666.268][SEVERE]: Timed out receiving message from renderer: 0.100
[1589747666.370][SEVERE]: Timed out receiving message from renderer: 0.100
[1589747666.471][SEVERE]: Timed out receiving message from renderer: 0.100
[1589747666.572][SEVERE]: Timed out receiving message from renderer: 0.100
[1589747666.673][SEVERE]: Timed out receiving message from renderer: 0.100
[1589747666.775][SEVERE]: Timed out receiving message from renderer: 0.100
[1589747666.877][SEVERE]: Timed out receiving message from renderer: 0.100
[1589747666.980][SEVERE]: Timed out receiving message from renderer: 0.100
[1589747667.082][SEVERE]: Timed out receiving message from renderer: 0.100
[1589747667.185][SEVERE]: Timed out receiving message from renderer: 0.100
[1589747667.286][SEVERE]: Timed out receiving message from renderer: 0.100
[1589747667.386][SEVERE]: Timed out receiving message from renderer: 0.100
[1589747667.589][SEVERE]: Timed out receiving message from renderer: 0.100
[1589747667.691][SEVERE]: Timed out receiving message from renderer: 0.100
[1589747667.792][SEVERE]: Timed out receiving message from renderer: 0.100
[1589747667.899][SEVERE]: Timed out receiving message from renderer: 0.100
[1589747668.000][SEVERE]: Timed out receiving message from renderer: 0.100
[1589747668.103][SEVERE]: Timed out receiving message from renderer: 0.100
[1589747668.206][SEVERE]: Timed out receiving message from renderer: 0.100
[1589747668.307][SEVERE]: Timed out receiving message from renderer: 0.100
[1589747668.471][SEVERE]: Timed out receiving message from renderer: 0.100
[1589747668.572][SEVERE]: Timed out receiving message from renderer: 0.100
[1589747668.673][SEVERE]: Timed out receiving message from renderer: 0.100
[1589747668.811][SEVERE]: Timed out receiving message from renderer: 0.100
[1589747668.912][SEVERE]: Timed out receiving message from renderer: 0.100
[1589747669.355][SEVERE]: Timed out receiving message from renderer: 0.100
[1589747669.466][SEVERE]: Timed out receiving message from renderer: 0.100
[1589747669.597][SEVERE]: Timed out receiving message from renderer: 0.100
[1589747669.701][SEVERE]: Timed out receiving message from renderer: 0.100
[1589747669.804][SEVERE]: Timed out receiving message from renderer: 0.100
[1589747669.907][SEVERE]: Timed out receiving message from renderer: 0.100
[1589747670.011][SEVERE]: Timed out receiving message from renderer: 0.100
[1589747670.113][SEVERE]: Timed out receiving message from renderer: 0.100
[1589747670.228][SEVERE]: Timed out receiving message from renderer: 0.100
[1589747670.331][SEVERE]: Timed out receiving message from renderer: 0.100
[1589747670.432][SEVERE]: Timed out receiving message from renderer: 0.100
[1589747674.670][SEVERE]: Timed out receiving message from renderer: 0.100
[1589747674.774][SEVERE]: Timed out receiving message from renderer: 0.100
[1589747674.876][SEVERE]: Timed out receiving message from renderer: 0.100
[1589747674.978][SEVERE]: Timed out receiving message from renderer: 0.100
[1589747675.079][SEVERE]: Timed out receiving message from renderer: 0.100
]]></system-err>
  </testcase>
  <testcase name="validaLoginEmailInvalido" classname="suitetest.SignIn_RegisterSuiteTest" time="4.21"/>
  <testcase name="validaLoginSenhaIncorreta" classname="suitetest.SignIn_RegisterSuiteTest" time="4.075"/>
  <testcase name="validaLoginValido" classname="suitetest.SignIn_RegisterSuiteTest" time="4.908"/>
</testsuite>